app/build/intermediates/manifest_merge_blame_file/debug/manifest-merger-blame-debug-report.txt
1<?xml version="1.0" encoding="utf-8"?>
2<manifest xmlns:android="http://schemas.android.com/apk/res/android"
3    package="com.google.mlkit.vision.demo"
4    android:installLocation="auto"
5    android:versionCode="11"
6    android:versionName="1.11" >
7    <!--
8 CameraX libraries require minSdkVersion 21, while this quickstart app
9    supports low to 19. Needs to use overrideLibrary to make the merger tool
10    ignore this conflict and import the libraries while keeping the app's lower
11    minSdkVersion value. In code, will check SDK version, before calling CameraX
12    APIs.
13    -->
14    <uses-sdk
14-->src\main\AndroidManifest.xml:12:5-16:60
15        android:minSdkVersion="21"
15-->src\main\AndroidManifest.xml:12:5-16:60
16        android:targetSdkVersion="34" />
16-->src\main\AndroidManifest.xml:12:5-16:60
17
18    <uses-feature android:name="android.hardware.camera" />
18-->src\main\AndroidManifest.xml:18:5-59
18-->src\main\AndroidManifest.xml:18:19-57
19
20    <uses-permission android:name="android.permission.INTERNET" />
20-->src\main\AndroidManifest.xml:20:5-66
20-->src\main\AndroidManifest.xml:20:22-64
21    <uses-permission android:name="android.permission.WRITE_EXTERNAL_STORAGE" />
21-->src\main\AndroidManifest.xml:21:5-80
21-->src\main\AndroidManifest.xml:21:22-78
22    <uses-permission android:name="android.permission.READ_EXTERNAL_STORAGE" />
22-->src\main\AndroidManifest.xml:22:5-79
22-->src\main\AndroidManifest.xml:22:22-77
23    <uses-permission android:name="android.permission.CAMERA" />
23-->src\main\AndroidManifest.xml:23:5-64
23-->src\main\AndroidManifest.xml:23:22-62
24
25    <queries>
25-->src\main\AndroidManifest.xml:73:5-77:15
26        <intent>
26-->src\main\AndroidManifest.xml:74:9-76:18
27            <action android:name="android.media.action.IMAGE_CAPTURE" />
27-->src\main\AndroidManifest.xml:75:13-73
27-->src\main\AndroidManifest.xml:75:21-70
28        </intent>
29    </queries>
30
31    <!-- For remote config -->
32    <uses-permission android:name="android.permission.ACCESS_NETWORK_STATE" />
32-->[com.google.mlkit:pose-detection-common:18.0.0-beta5] AndroidManifest.xml:7:5-79
32-->[com.google.mlkit:pose-detection-common:18.0.0-beta5] AndroidManifest.xml:7:22-76
33    <uses-permission android:name="android.permission.WAKE_LOCK" />
33-->[androidx.work:work-runtime:2.7.0] AndroidManifest.xml:25:5-68
33-->[androidx.work:work-runtime:2.7.0] AndroidManifest.xml:25:22-65
34    <uses-permission android:name="android.permission.RECEIVE_BOOT_COMPLETED" />
34-->[androidx.work:work-runtime:2.7.0] AndroidManifest.xml:27:5-81
34-->[androidx.work:work-runtime:2.7.0] AndroidManifest.xml:27:22-78
35    <uses-permission android:name="android.permission.FOREGROUND_SERVICE" />
35-->[androidx.work:work-runtime:2.7.0] AndroidManifest.xml:28:5-77
35-->[androidx.work:work-runtime:2.7.0] AndroidManifest.xml:28:22-74
36
37    <permission
37-->[androidx.core:core:1.9.0] AndroidManifest.xml:22:5-24:47
38        android:name="com.google.mlkit.vision.demo.DYNAMIC_RECEIVER_NOT_EXPORTED_PERMISSION"
38-->[androidx.core:core:1.9.0] AndroidManifest.xml:23:9-81
39        android:protectionLevel="signature" />
39-->[androidx.core:core:1.9.0] AndroidManifest.xml:24:9-44
40
41    <uses-permission android:name="com.google.mlkit.vision.demo.DYNAMIC_RECEIVER_NOT_EXPORTED_PERMISSION" />
41-->[androidx.core:core:1.9.0] AndroidManifest.xml:26:5-97
41-->[androidx.core:core:1.9.0] AndroidManifest.xml:26:22-94
42
43    <application
43-->src\main\AndroidManifest.xml:25:5-72:19
44        android:name="androidx.multidex.MultiDexApplication"
44-->src\main\AndroidManifest.xml:26:9-61
45        android:appComponentFactory="androidx.core.app.CoreComponentFactory"
45-->[androidx.core:core:1.9.0] AndroidManifest.xml:28:18-86
46        android:debuggable="true"
47        android:icon="@drawable/logo_mlkit"
47-->src\main\AndroidManifest.xml:27:9-44
48        android:label="@string/app_name"
48-->src\main\AndroidManifest.xml:28:9-41
49        android:testOnly="true"
50        android:theme="@style/Theme.AppCompat" >
50-->src\main\AndroidManifest.xml:29:9-47
51        <meta-data
51-->src\main\AndroidManifest.xml:31:9-33:68
52            android:name="com.google.android.gms.version"
52-->src\main\AndroidManifest.xml:32:13-58
53            android:value="@integer/google_play_services_version" />
53-->src\main\AndroidManifest.xml:33:13-66
54
55        <!--
56          Optional: Add it to automatically download ML model to device after
57          your app is installed.
58        -->
59        <meta-data
59-->src\main\AndroidManifest.xml:37:9-39:129
60            android:name="com.google.mlkit.vision.DEPENDENCIES"
60-->src\main\AndroidManifest.xml:38:13-64
61            android:value="barcode,face,ocr,ocr_chinese,ocr_devanagari,ocr_japanese,ocr_korean,ica,custom_ica,subject_segment" />
61-->src\main\AndroidManifest.xml:39:13-127
62
63        <activity
63-->src\main\AndroidManifest.xml:41:9-49:20
64            android:name="com.google.mlkit.vision.demo.EntryChoiceActivity"
64-->src\main\AndroidManifest.xml:42:13-48
65            android:exported="true"
65-->src\main\AndroidManifest.xml:43:13-36
66            android:theme="@style/AppTheme" >
66-->src\main\AndroidManifest.xml:44:13-44
67            <intent-filter>
67-->src\main\AndroidManifest.xml:45:13-48:29
68                <action android:name="android.intent.action.MAIN" />
68-->src\main\AndroidManifest.xml:46:17-68
68-->src\main\AndroidManifest.xml:46:25-66
69
70                <category android:name="android.intent.category.LAUNCHER" />
70-->src\main\AndroidManifest.xml:47:17-76
70-->src\main\AndroidManifest.xml:47:27-74
71            </intent-filter>
72        </activity>
73        <activity
73-->src\main\AndroidManifest.xml:51:9-54:20
74            android:name="com.google.mlkit.vision.demo.java.ChooserActivity"
74-->src\main\AndroidManifest.xml:52:13-49
75            android:exported="false" >
75-->src\main\AndroidManifest.xml:53:13-37
76        </activity>
77        <activity
77-->src\main\AndroidManifest.xml:56:9-60:20
78            android:name="com.google.mlkit.vision.demo.java.LivePreviewActivity"
78-->src\main\AndroidManifest.xml:57:13-53
79            android:exported="false"
79-->src\main\AndroidManifest.xml:58:13-37
80            android:theme="@style/AppTheme" >
80-->src\main\AndroidManifest.xml:59:13-44
81        </activity>
82        <activity
82-->src\main\AndroidManifest.xml:62:9-66:20
83            android:name="com.google.mlkit.vision.demo.java.CameraXLivePreviewActivity"
83-->src\main\AndroidManifest.xml:63:13-60
84            android:exported="false"
84-->src\main\AndroidManifest.xml:64:13-37
85            android:theme="@style/AppTheme" >
85-->src\main\AndroidManifest.xml:65:13-44
86        </activity>
87        <activity
87-->src\main\AndroidManifest.xml:68:9-70:39
88            android:name="com.google.mlkit.vision.demo.preference.SettingsActivity"
88-->src\main\AndroidManifest.xml:69:13-56
89            android:exported="false" />
89-->src\main\AndroidManifest.xml:70:13-37
90
91        <!--
92             Required for ML Kit Pose Detection GPU acceleration. Applications that target Android
93             S+ require explicit declaration of any referenced vendor-provided libraries.
94        -->
95        <uses-native-library
95-->[com.google.mlkit:pose-detection-common:18.0.0-beta5] AndroidManifest.xml:16:9-18:40
96            android:name="libOpenCL.so"
96-->[com.google.mlkit:pose-detection-common:18.0.0-beta5] AndroidManifest.xml:17:13-40
97            android:required="false" />
97-->[com.google.mlkit:pose-detection-common:18.0.0-beta5] AndroidManifest.xml:18:13-37
98        <uses-native-library
98-->[com.google.mlkit:pose-detection-common:18.0.0-beta5] AndroidManifest.xml:16:9-18:40
99            android:name="libOpenCL-car.so"
99-->[com.google.mlkit:pose-detection-common:18.0.0-beta5] AndroidManifest.xml:17:13-40
100            android:required="false" />
100-->[com.google.mlkit:pose-detection-common:18.0.0-beta5] AndroidManifest.xml:18:13-37
101        <uses-native-library
101-->[com.google.mlkit:pose-detection-common:18.0.0-beta5] AndroidManifest.xml:16:9-18:40
102            android:name="libOpenCL-pixel.so"
102-->[com.google.mlkit:pose-detection-common:18.0.0-beta5] AndroidManifest.xml:17:13-40
103            android:required="false" />
103-->[com.google.mlkit:pose-detection-common:18.0.0-beta5] AndroidManifest.xml:18:13-37
104
105        <service
105-->[com.google.mlkit:pose-detection-common:18.0.0-beta5] AndroidManifest.xml:26:9-32:19
106            android:name="com.google.mlkit.common.internal.MlKitComponentDiscoveryService"
106-->[com.google.mlkit:pose-detection-common:18.0.0-beta5] AndroidManifest.xml:27:13-91
107            android:directBootAware="true"
107-->[com.google.mlkit:common:18.11.0] AndroidManifest.xml:17:13-43
108            android:exported="false" >
108-->[com.google.mlkit:pose-detection-common:18.0.0-beta5] AndroidManifest.xml:28:13-37
109            <meta-data
109-->[com.google.mlkit:pose-detection-common:18.0.0-beta5] AndroidManifest.xml:29:13-31:85
110                android:name="com.google.firebase.components:com.google.mlkit.vision.pose.internal.PoseRegistrar"
110-->[com.google.mlkit:pose-detection-common:18.0.0-beta5] AndroidManifest.xml:30:17-114
111                android:value="com.google.firebase.components.ComponentRegistrar" />
111-->[com.google.mlkit:pose-detection-common:18.0.0-beta5] AndroidManifest.xml:31:17-82
112            <meta-data
112-->[com.google.mlkit:object-detection:17.0.2] AndroidManifest.xml:14:13-16:85
113                android:name="com.google.firebase.components:com.google.mlkit.vision.objects.defaults.internal.DefaultObjectsRegistrar"
113-->[com.google.mlkit:object-detection:17.0.2] AndroidManifest.xml:15:17-136
114                android:value="com.google.firebase.components.ComponentRegistrar" />
114-->[com.google.mlkit:object-detection:17.0.2] AndroidManifest.xml:16:17-82
115            <meta-data
115-->[com.google.mlkit:object-detection-custom:17.0.2] AndroidManifest.xml:11:13-13:85
116                android:name="com.google.firebase.components:com.google.mlkit.vision.objects.custom.internal.CustomObjectsRegistrar"
116-->[com.google.mlkit:object-detection-custom:17.0.2] AndroidManifest.xml:12:17-133
117                android:value="com.google.firebase.components.ComponentRegistrar" />
117-->[com.google.mlkit:object-detection-custom:17.0.2] AndroidManifest.xml:13:17-82
118            <meta-data
118-->[com.google.mlkit:image-labeling:17.0.9] AndroidManifest.xml:11:13-13:85
119                android:name="com.google.firebase.components:com.google.mlkit.vision.label.defaults.internal.BundledLabelRegistrar"
119-->[com.google.mlkit:image-labeling:17.0.9] AndroidManifest.xml:12:17-132
120                android:value="com.google.firebase.components.ComponentRegistrar" />
120-->[com.google.mlkit:image-labeling:17.0.9] AndroidManifest.xml:13:17-82
121            <meta-data
121-->[com.google.mlkit:image-labeling-custom:17.0.3] AndroidManifest.xml:11:13-13:85
122                android:name="com.google.firebase.components:com.google.mlkit.vision.label.custom.internal.CustomLabelRegistrar"
122-->[com.google.mlkit:image-labeling-custom:17.0.3] AndroidManifest.xml:12:17-129
123                android:value="com.google.firebase.components.ComponentRegistrar" />
123-->[com.google.mlkit:image-labeling-custom:17.0.3] AndroidManifest.xml:13:17-82
124            <meta-data
124-->[com.google.mlkit:segmentation-selfie:16.0.0-beta6] AndroidManifest.xml:12:13-14:85
125                android:name="com.google.firebase.components:com.google.mlkit.vision.segmentation.internal.SegmentationRegistrar"
125-->[com.google.mlkit:segmentation-selfie:16.0.0-beta6] AndroidManifest.xml:13:17-130
126                android:value="com.google.firebase.components.ComponentRegistrar" />
126-->[com.google.mlkit:segmentation-selfie:16.0.0-beta6] AndroidManifest.xml:14:17-82
127            <meta-data
127-->[com.google.mlkit:face-mesh-detection:16.0.0-beta3] AndroidManifest.xml:11:13-13:85
128                android:name="com.google.firebase.components:com.google.mlkit.vision.facemesh.internal.FaceMeshRegistrar"
128-->[com.google.mlkit:face-mesh-detection:16.0.0-beta3] AndroidManifest.xml:12:17-122
129                android:value="com.google.firebase.components.ComponentRegistrar" />
129-->[com.google.mlkit:face-mesh-detection:16.0.0-beta3] AndroidManifest.xml:13:17-82
130            <meta-data
130-->[com.google.android.gms:play-services-mlkit-subject-segmentation:16.0.0-beta1] AndroidManifest.xml:11:13-13:85
131                android:name="com.google.firebase.components:com.google.mlkit.vision.segmentation.subject.internal.SubjectSegmentationRegistrar"
131-->[com.google.android.gms:play-services-mlkit-subject-segmentation:16.0.0-beta1] AndroidManifest.xml:12:17-145
132                android:value="com.google.firebase.components.ComponentRegistrar" />
132-->[com.google.android.gms:play-services-mlkit-subject-segmentation:16.0.0-beta1] AndroidManifest.xml:13:17-82
133            <meta-data
133-->[com.google.android.gms:play-services-mlkit-barcode-scanning:18.3.1] AndroidManifest.xml:12:13-14:85
134                android:name="com.google.firebase.components:com.google.mlkit.vision.barcode.internal.BarcodeRegistrar"
134-->[com.google.android.gms:play-services-mlkit-barcode-scanning:18.3.1] AndroidManifest.xml:13:17-120
135                android:value="com.google.firebase.components.ComponentRegistrar" />
135-->[com.google.android.gms:play-services-mlkit-barcode-scanning:18.3.1] AndroidManifest.xml:14:17-82
136            <meta-data
136-->[com.google.mlkit:vision-internal-vkp:18.2.3] AndroidManifest.xml:14:13-16:85
137                android:name="com.google.firebase.components:com.google.mlkit.vision.vkp.VkpRegistrar"
137-->[com.google.mlkit:vision-internal-vkp:18.2.3] AndroidManifest.xml:15:17-103
138                android:value="com.google.firebase.components.ComponentRegistrar" />
138-->[com.google.mlkit:vision-internal-vkp:18.2.3] AndroidManifest.xml:16:17-82
139            <meta-data
139-->[com.google.android.gms:play-services-mlkit-face-detection:17.1.0] AndroidManifest.xml:12:13-14:85
140                android:name="com.google.firebase.components:com.google.mlkit.vision.face.internal.FaceRegistrar"
140-->[com.google.android.gms:play-services-mlkit-face-detection:17.1.0] AndroidManifest.xml:13:17-114
141                android:value="com.google.firebase.components.ComponentRegistrar" />
141-->[com.google.android.gms:play-services-mlkit-face-detection:17.1.0] AndroidManifest.xml:14:17-82
142            <meta-data
142-->[com.google.android.gms:play-services-mlkit-text-recognition-common:19.1.0] AndroidManifest.xml:12:13-14:85
143                android:name="com.google.firebase.components:com.google.mlkit.vision.text.internal.TextRegistrar"
143-->[com.google.android.gms:play-services-mlkit-text-recognition-common:19.1.0] AndroidManifest.xml:13:17-114
144                android:value="com.google.firebase.components.ComponentRegistrar" />
144-->[com.google.android.gms:play-services-mlkit-text-recognition-common:19.1.0] AndroidManifest.xml:14:17-82
145            <meta-data
145-->[com.google.mlkit:vision-common:17.3.0] AndroidManifest.xml:12:13-14:85
146                android:name="com.google.firebase.components:com.google.mlkit.vision.common.internal.VisionCommonRegistrar"
146-->[com.google.mlkit:vision-common:17.3.0] AndroidManifest.xml:13:17-124
147                android:value="com.google.firebase.components.ComponentRegistrar" />
147-->[com.google.mlkit:vision-common:17.3.0] AndroidManifest.xml:14:17-82
148            <meta-data
148-->[com.google.mlkit:common:18.11.0] AndroidManifest.xml:20:13-22:85
149                android:name="com.google.firebase.components:com.google.mlkit.common.internal.CommonComponentRegistrar"
149-->[com.google.mlkit:common:18.11.0] AndroidManifest.xml:21:17-120
150                android:value="com.google.firebase.components.ComponentRegistrar" />
150-->[com.google.mlkit:common:18.11.0] AndroidManifest.xml:22:17-82
151        </service>
152        <service
152-->[com.google.mlkit:acceleration:16.0.0-beta2] AndroidManifest.xml:8:9-11:68
153            android:name="com.google.mlkit.acceleration.internal.MlKitRemoteWorkerService"
153-->[com.google.mlkit:acceleration:16.0.0-beta2] AndroidManifest.xml:9:13-91
154            android:exported="false"
154-->[com.google.mlkit:acceleration:16.0.0-beta2] AndroidManifest.xml:10:13-37
155            android:process=":mlkit_acceleration_mini_benchmark" />
155-->[com.google.mlkit:acceleration:16.0.0-beta2] AndroidManifest.xml:11:13-65
156        <service
156-->[androidx.work:work-multiprocess:2.7.0] AndroidManifest.xml:25:9-27:40
157            android:name="androidx.work.multiprocess.RemoteWorkManagerService"
157-->[androidx.work:work-multiprocess:2.7.0] AndroidManifest.xml:26:13-79
158            android:exported="false" />
158-->[androidx.work:work-multiprocess:2.7.0] AndroidManifest.xml:27:13-37
159
160        <provider
160-->[com.google.mlkit:common:18.11.0] AndroidManifest.xml:9:9-13:38
161            android:name="com.google.mlkit.common.internal.MlKitInitProvider"
161-->[com.google.mlkit:common:18.11.0] AndroidManifest.xml:10:13-78
162            android:authorities="com.google.mlkit.vision.demo.mlkitinitprovider"
162-->[com.google.mlkit:common:18.11.0] AndroidManifest.xml:11:13-69
163            android:exported="false"
163-->[com.google.mlkit:common:18.11.0] AndroidManifest.xml:12:13-37
164            android:initOrder="99" />
164-->[com.google.mlkit:common:18.11.0] AndroidManifest.xml:13:13-35
165
166        <activity
166-->[com.google.android.gms:play-services-base:18.5.0] AndroidManifest.xml:5:9-173
167            android:name="com.google.android.gms.common.api.GoogleApiActivity"
167-->[com.google.android.gms:play-services-base:18.5.0] AndroidManifest.xml:5:19-85
168            android:exported="false"
168-->[com.google.android.gms:play-services-base:18.5.0] AndroidManifest.xml:5:146-170
169            android:theme="@android:style/Theme.Translucent.NoTitleBar" />
169-->[com.google.android.gms:play-services-base:18.5.0] AndroidManifest.xml:5:86-145
170
171        <provider
171-->[androidx.work:work-runtime:2.7.0] AndroidManifest.xml:31:9-39:20
172            android:name="androidx.startup.InitializationProvider"
172-->[androidx.work:work-runtime:2.7.0] AndroidManifest.xml:32:13-67
173            android:authorities="com.google.mlkit.vision.demo.androidx-startup"
173-->[androidx.work:work-runtime:2.7.0] AndroidManifest.xml:33:13-68
174            android:exported="false" >
174-->[androidx.work:work-runtime:2.7.0] AndroidManifest.xml:34:13-37
175            <meta-data
175-->[androidx.work:work-runtime:2.7.0] AndroidManifest.xml:36:13-38:52
176                android:name="androidx.work.WorkManagerInitializer"
176-->[androidx.work:work-runtime:2.7.0] AndroidManifest.xml:37:17-68
177                android:value="androidx.startup" />
177-->[androidx.work:work-runtime:2.7.0] AndroidManifest.xml:38:17-49
178            <meta-data
178-->[androidx.emoji2:emoji2:1.2.0] AndroidManifest.xml:29:13-31:52
179                android:name="androidx.emoji2.text.EmojiCompatInitializer"
179-->[androidx.emoji2:emoji2:1.2.0] AndroidManifest.xml:30:17-75
180                android:value="androidx.startup" />
180-->[androidx.emoji2:emoji2:1.2.0] AndroidManifest.xml:31:17-49
181            <meta-data
181-->[androidx.lifecycle:lifecycle-process:2.4.1] AndroidManifest.xml:31:13-33:52
182                android:name="androidx.lifecycle.ProcessLifecycleInitializer"
182-->[androidx.lifecycle:lifecycle-process:2.4.1] AndroidManifest.xml:32:17-78
183                android:value="androidx.startup" />
183-->[androidx.lifecycle:lifecycle-process:2.4.1] AndroidManifest.xml:33:17-49
184        </provider>
185
186        <service
186-->[androidx.work:work-runtime:2.7.0] AndroidManifest.xml:41:9-46:35
187            android:name="androidx.work.impl.background.systemalarm.SystemAlarmService"
187-->[androidx.work:work-runtime:2.7.0] AndroidManifest.xml:42:13-88
188            android:directBootAware="false"
188-->[androidx.work:work-runtime:2.7.0] AndroidManifest.xml:43:13-44
189            android:enabled="@bool/enable_system_alarm_service_default"
189-->[androidx.work:work-runtime:2.7.0] AndroidManifest.xml:44:13-72
190            android:exported="false" />
190-->[androidx.work:work-runtime:2.7.0] AndroidManifest.xml:45:13-37
191        <service
191-->[androidx.work:work-runtime:2.7.0] AndroidManifest.xml:47:9-53:35
192            android:name="androidx.work.impl.background.systemjob.SystemJobService"
192-->[androidx.work:work-runtime:2.7.0] AndroidManifest.xml:48:13-84
193            android:directBootAware="false"
193-->[androidx.work:work-runtime:2.7.0] AndroidManifest.xml:49:13-44
194            android:enabled="@bool/enable_system_job_service_default"
194-->[androidx.work:work-runtime:2.7.0] AndroidManifest.xml:50:13-70
195            android:exported="true"
195-->[androidx.work:work-runtime:2.7.0] AndroidManifest.xml:51:13-36
196            android:permission="android.permission.BIND_JOB_SERVICE" />
196-->[androidx.work:work-runtime:2.7.0] AndroidManifest.xml:52:13-69
197        <service
197-->[androidx.work:work-runtime:2.7.0] AndroidManifest.xml:54:9-59:35
198            android:name="androidx.work.impl.foreground.SystemForegroundService"
198-->[androidx.work:work-runtime:2.7.0] AndroidManifest.xml:55:13-81
199            android:directBootAware="false"
199-->[androidx.work:work-runtime:2.7.0] AndroidManifest.xml:56:13-44
200            android:enabled="@bool/enable_system_foreground_service_default"
200-->[androidx.work:work-runtime:2.7.0] AndroidManifest.xml:57:13-77
201            android:exported="false" />
201-->[androidx.work:work-runtime:2.7.0] AndroidManifest.xml:58:13-37
202
203        <receiver
203-->[androidx.work:work-runtime:2.7.0] AndroidManifest.xml:61:9-66:35
204            android:name="androidx.work.impl.utils.ForceStopRunnable$BroadcastReceiver"
204-->[androidx.work:work-runtime:2.7.0] AndroidManifest.xml:62:13-88
205            android:directBootAware="false"
205-->[androidx.work:work-runtime:2.7.0] AndroidManifest.xml:63:13-44
206            android:enabled="true"
206-->[androidx.work:work-runtime:2.7.0] AndroidManifest.xml:64:13-35
207            android:exported="false" />
207-->[androidx.work:work-runtime:2.7.0] AndroidManifest.xml:65:13-37
208        <receiver
208-->[androidx.work:work-runtime:2.7.0] AndroidManifest.xml:67:9-77:20
209            android:name="androidx.work.impl.background.systemalarm.ConstraintProxy$BatteryChargingProxy"
209-->[androidx.work:work-runtime:2.7.0] AndroidManifest.xml:68:13-106
210            android:directBootAware="false"
210-->[androidx.work:work-runtime:2.7.0] AndroidManifest.xml:69:13-44
211            android:enabled="false"
211-->[androidx.work:work-runtime:2.7.0] AndroidManifest.xml:70:13-36
212            android:exported="false" >
212-->[androidx.work:work-runtime:2.7.0] AndroidManifest.xml:71:13-37
213            <intent-filter>
213-->[androidx.work:work-runtime:2.7.0] AndroidManifest.xml:73:13-76:29
214                <action android:name="android.intent.action.ACTION_POWER_CONNECTED" />
214-->[androidx.work:work-runtime:2.7.0] AndroidManifest.xml:74:17-87
214-->[androidx.work:work-runtime:2.7.0] AndroidManifest.xml:74:25-84
215                <action android:name="android.intent.action.ACTION_POWER_DISCONNECTED" />
215-->[androidx.work:work-runtime:2.7.0] AndroidManifest.xml:75:17-90
215-->[androidx.work:work-runtime:2.7.0] AndroidManifest.xml:75:25-87
216            </intent-filter>
217        </receiver>
218        <receiver
218-->[androidx.work:work-runtime:2.7.0] AndroidManifest.xml:78:9-88:20
219            android:name="androidx.work.impl.background.systemalarm.ConstraintProxy$BatteryNotLowProxy"
219-->[androidx.work:work-runtime:2.7.0] AndroidManifest.xml:79:13-104
220            android:directBootAware="false"
220-->[androidx.work:work-runtime:2.7.0] AndroidManifest.xml:80:13-44
221            android:enabled="false"
221-->[androidx.work:work-runtime:2.7.0] AndroidManifest.xml:81:13-36
222            android:exported="false" >
222-->[androidx.work:work-runtime:2.7.0] AndroidManifest.xml:82:13-37
223            <intent-filter>
223-->[androidx.work:work-runtime:2.7.0] AndroidManifest.xml:84:13-87:29
224                <action android:name="android.intent.action.BATTERY_OKAY" />
224-->[androidx.work:work-runtime:2.7.0] AndroidManifest.xml:85:17-77
224-->[androidx.work:work-runtime:2.7.0] AndroidManifest.xml:85:25-74
225                <action android:name="android.intent.action.BATTERY_LOW" />
225-->[androidx.work:work-runtime:2.7.0] AndroidManifest.xml:86:17-76
225-->[androidx.work:work-runtime:2.7.0] AndroidManifest.xml:86:25-73
226            </intent-filter>
227        </receiver>
228        <receiver
228-->[androidx.work:work-runtime:2.7.0] AndroidManifest.xml:89:9-99:20
229            android:name="androidx.work.impl.background.systemalarm.ConstraintProxy$StorageNotLowProxy"
229-->[androidx.work:work-runtime:2.7.0] AndroidManifest.xml:90:13-104
230            android:directBootAware="false"
230-->[androidx.work:work-runtime:2.7.0] AndroidManifest.xml:91:13-44
231            android:enabled="false"
231-->[androidx.work:work-runtime:2.7.0] AndroidManifest.xml:92:13-36
232            android:exported="false" >
232-->[androidx.work:work-runtime:2.7.0] AndroidManifest.xml:93:13-37
233            <intent-filter>
233-->[androidx.work:work-runtime:2.7.0] AndroidManifest.xml:95:13-98:29
234                <action android:name="android.intent.action.DEVICE_STORAGE_LOW" />
234-->[androidx.work:work-runtime:2.7.0] AndroidManifest.xml:96:17-83
234-->[androidx.work:work-runtime:2.7.0] AndroidManifest.xml:96:25-80
235                <action android:name="android.intent.action.DEVICE_STORAGE_OK" />
235-->[androidx.work:work-runtime:2.7.0] AndroidManifest.xml:97:17-82
235-->[androidx.work:work-runtime:2.7.0] AndroidManifest.xml:97:25-79
236            </intent-filter>
237        </receiver>
238        <receiver
238-->[androidx.work:work-runtime:2.7.0] AndroidManifest.xml:100:9-109:20
239            android:name="androidx.work.impl.background.systemalarm.ConstraintProxy$NetworkStateProxy"
239-->[androidx.work:work-runtime:2.7.0] AndroidManifest.xml:101:13-103
240            android:directBootAware="false"
240-->[androidx.work:work-runtime:2.7.0] AndroidManifest.xml:102:13-44
241            android:enabled="false"
241-->[androidx.work:work-runtime:2.7.0] AndroidManifest.xml:103:13-36
242            android:exported="false" >
242-->[androidx.work:work-runtime:2.7.0] AndroidManifest.xml:104:13-37
243            <intent-filter>
243-->[androidx.work:work-runtime:2.7.0] AndroidManifest.xml:106:13-108:29
244                <action android:name="android.net.conn.CONNECTIVITY_CHANGE" />
244-->[androidx.work:work-runtime:2.7.0] AndroidManifest.xml:107:17-79
244-->[androidx.work:work-runtime:2.7.0] AndroidManifest.xml:107:25-76
245            </intent-filter>
246        </receiver>
247        <receiver
247-->[androidx.work:work-runtime:2.7.0] AndroidManifest.xml:110:9-121:20
248            android:name="androidx.work.impl.background.systemalarm.RescheduleReceiver"
248-->[androidx.work:work-runtime:2.7.0] AndroidManifest.xml:111:13-88
249            android:directBootAware="false"
249-->[androidx.work:work-runtime:2.7.0] AndroidManifest.xml:112:13-44
250            android:enabled="false"
250-->[androidx.work:work-runtime:2.7.0] AndroidManifest.xml:113:13-36
251            android:exported="false" >
251-->[androidx.work:work-runtime:2.7.0] AndroidManifest.xml:114:13-37
252            <intent-filter>
252-->[androidx.work:work-runtime:2.7.0] AndroidManifest.xml:116:13-120:29
253                <action android:name="android.intent.action.BOOT_COMPLETED" />
253-->[androidx.work:work-runtime:2.7.0] AndroidManifest.xml:117:17-79
253-->[androidx.work:work-runtime:2.7.0] AndroidManifest.xml:117:25-76
254                <action android:name="android.intent.action.TIME_SET" />
254-->[androidx.work:work-runtime:2.7.0] AndroidManifest.xml:118:17-73
254-->[androidx.work:work-runtime:2.7.0] AndroidManifest.xml:118:25-70
255                <action android:name="android.intent.action.TIMEZONE_CHANGED" />
255-->[androidx.work:work-runtime:2.7.0] AndroidManifest.xml:119:17-81
255-->[androidx.work:work-runtime:2.7.0] AndroidManifest.xml:119:25-78
256            </intent-filter>
257        </receiver>
258        <receiver
258-->[androidx.work:work-runtime:2.7.0] AndroidManifest.xml:122:9-131:20
259            android:name="androidx.work.impl.background.systemalarm.ConstraintProxyUpdateReceiver"
259-->[androidx.work:work-runtime:2.7.0] AndroidManifest.xml:123:13-99
260            android:directBootAware="false"
260-->[androidx.work:work-runtime:2.7.0] AndroidManifest.xml:124:13-44
261            android:enabled="@bool/enable_system_alarm_service_default"
261-->[androidx.work:work-runtime:2.7.0] AndroidManifest.xml:125:13-72
262            android:exported="false" >
262-->[androidx.work:work-runtime:2.7.0] AndroidManifest.xml:126:13-37
263            <intent-filter>
263-->[androidx.work:work-runtime:2.7.0] AndroidManifest.xml:128:13-130:29
264                <action android:name="androidx.work.impl.background.systemalarm.UpdateProxies" />
264-->[androidx.work:work-runtime:2.7.0] AndroidManifest.xml:129:17-98
264-->[androidx.work:work-runtime:2.7.0] AndroidManifest.xml:129:25-95
265            </intent-filter>
266        </receiver>
267        <receiver
267-->[androidx.work:work-runtime:2.7.0] AndroidManifest.xml:132:9-142:20
268            android:name="androidx.work.impl.diagnostics.DiagnosticsReceiver"
268-->[androidx.work:work-runtime:2.7.0] AndroidManifest.xml:133:13-78
269            android:directBootAware="false"